{"level":"info","message":"Hello from acquisitions!","service":"acquisitions-api"}
{"level":"info","message":"::1 - - [20/Sep/2025:10:03:36 +0000] \"GET / HTTP/1.1\" 200 24 \"-\" \"Mozilla/5.0 (Windows NT 10.0; Win64; x64) AppleWebKit/537.36 (KHTML, like Gecko) Chrome/140.0.0.0 Safari/537.36\"","service":"acquisitions-api"}
{"level":"info","message":"Hello from acquisitions!","service":"acquisitions-api"}
{"level":"info","message":"::1 - - [20/Sep/2025:10:03:42 +0000] \"GET / HTTP/1.1\" 304 - \"-\" \"Mozilla/5.0 (Windows NT 10.0; Win64; x64) AppleWebKit/537.36 (KHTML, like Gecko) Chrome/140.0.0.0 Safari/537.36\"","service":"acquisitions-api"}
{"level":"info","message":"Hello from acquisitions!","service":"acquisitions-api"}
{"level":"info","message":"::1 - - [20/Sep/2025:10:03:47 +0000] \"GET / HTTP/1.1\" 304 - \"-\" \"Mozilla/5.0 (Windows NT 10.0; Win64; x64) AppleWebKit/537.36 (KHTML, like Gecko) Chrome/140.0.0.0 Safari/537.36\"","service":"acquisitions-api"}
{"level":"info","message":"Hello from acquisitions!","service":"acquisitions-api"}
{"level":"info","message":"::1 - - [20/Sep/2025:10:22:36 +0000] \"GET / HTTP/1.1\" 200 24 \"-\" \"HTTPie\"","service":"acquisitions-api"}
{"level":"info","message":"::1 - - [20/Sep/2025:10:23:20 +0000] \"GET /api HTTP/1.1\" 200 42 \"-\" \"HTTPie\"","service":"acquisitions-api"}
{"level":"info","message":"::1 - - [20/Sep/2025:10:23:24 +0000] \"GET /health HTTP/1.1\" 200 75 \"-\" \"HTTPie\"","service":"acquisitions-api"}
{"level":"info","message":"::1 - - [20/Sep/2025:10:24:01 +0000] \"POST /api/auth/sign-in HTTP/1.1\" 404 156 \"-\" \"HTTPie\"","service":"acquisitions-api"}
{"level":"info","message":"::1 - - [20/Sep/2025:10:24:43 +0000] \"POST /api/auth/sign-in HTTP/1.1\" 200 31 \"-\" \"HTTPie\"","service":"acquisitions-api"}
{"level":"info","message":"::1 - - [20/Sep/2025:10:24:47 +0000] \"POST /api/auth/sign-out HTTP/1.1\" 200 32 \"-\" \"HTTPie\"","service":"acquisitions-api"}
{"level":"info","message":"::1 - - [20/Sep/2025:10:24:52 +0000] \"POST /api/auth/sign-up HTTP/1.1\" 200 31 \"-\" \"HTTPie\"","service":"acquisitions-api"}
{"level":"info","message":"::1 - - [20/Sep/2025:12:25:47 +0000] \"POST /api/auth/sign-up HTTP/1.1\" 200 31 \"-\" \"HTTPie\"","service":"acquisitions-api"}
{"level":"info","message":"::1 - - [20/Sep/2025:12:26:34 +0000] \"POST /api/auth/sign-up HTTP/1.1\" 200 31 \"-\" \"HTTPie\"","service":"acquisitions-api"}
{"level":"info","message":"::1 - - [20/Sep/2025:12:29:49 +0000] \"POST /api/auth/sign-out HTTP/1.1\" 200 32 \"-\" \"HTTPie\"","service":"acquisitions-api"}
{"level":"info","message":"::1 - - [20/Sep/2025:12:30:03 +0000] \"POST /api/auth/sign-in HTTP/1.1\" 200 31 \"-\" \"HTTPie\"","service":"acquisitions-api"}
{"level":"info","message":"::1 - - [20/Sep/2025:12:30:46 +0000] \"POST /api/auth/sign-in HTTP/1.1\" 200 31 \"-\" \"HTTPie\"","service":"acquisitions-api"}
{"level":"info","message":"::1 - - [20/Sep/2025:12:30:51 +0000] \"POST /api/auth/sign-out HTTP/1.1\" 200 32 \"-\" \"HTTPie\"","service":"acquisitions-api"}
{"level":"info","message":"::1 - - [20/Sep/2025:12:30:55 +0000] \"POST /api/auth/sign-up HTTP/1.1\" 200 31 \"-\" \"HTTPie\"","service":"acquisitions-api"}
{"level":"info","message":"::1 - - [20/Sep/2025:12:31:54 +0000] \"POST /api/auth/sign-in HTTP/1.1\" 200 31 \"-\" \"HTTPie\"","service":"acquisitions-api"}
{"level":"info","message":"::1 - - [20/Sep/2025:12:32:04 +0000] \"POST /api/auth/sign-in HTTP/1.1\" 200 31 \"-\" \"HTTPie\"","service":"acquisitions-api"}
{"level":"info","message":"::1 - - [20/Sep/2025:12:42:15 +0000] \"POST /api/auth/sign-up HTTP/1.1\" 400 92 \"-\" \"HTTPie\"","service":"acquisitions-api"}
{"level":"info","message":"::1 - - [20/Sep/2025:12:43:52 +0000] \"POST /api/auth/sign-up HTTP/1.1\" 400 144 \"-\" \"HTTPie\"","service":"acquisitions-api"}
{"level":"info","message":"::1 - - [20/Sep/2025:12:44:47 +0000] \"POST /api/auth/sign-up HTTP/1.1\" 400 92 \"-\" \"HTTPie\"","service":"acquisitions-api"}
{"level":"info","message":"User registered successfully: john@example.com","service":"acquisitions-api"}
{"level":"info","message":"::1 - - [20/Sep/2025:12:44:54 +0000] \"POST /api/auth/sign-up HTTP/1.1\" 201 113 \"-\" \"HTTPie\"","service":"acquisitions-api"}
{"level":"info","message":"::1 - - [20/Sep/2025:14:37:18 +0000] \"GET /health HTTP/1.1\" 200 74 \"-\" \"HTTPie\"","service":"acquisitions-api"}
{"level":"info","message":"::1 - - [20/Sep/2025:14:37:20 +0000] \"GET /health HTTP/1.1\" 200 74 \"-\" \"HTTPie\"","service":"acquisitions-api"}
{"level":"info","message":"::1 - - [20/Sep/2025:14:37:22 +0000] \"GET /health HTTP/1.1\" 200 74 \"-\" \"HTTPie\"","service":"acquisitions-api"}
{"level":"info","message":"::1 - - [20/Sep/2025:14:37:23 +0000] \"GET /health HTTP/1.1\" 200 74 \"-\" \"HTTPie\"","service":"acquisitions-api"}
{"level":"info","message":"::1 - - [20/Sep/2025:14:37:24 +0000] \"GET /health HTTP/1.1\" 500 99 \"-\" \"HTTPie\"","service":"acquisitions-api"}
{"level":"info","message":"::1 - - [20/Sep/2025:14:37:25 +0000] \"GET /health HTTP/1.1\" 500 99 \"-\" \"HTTPie\"","service":"acquisitions-api"}
{"level":"info","message":"::1 - - [20/Sep/2025:14:39:50 +0000] \"GET /health HTTP/1.1\" 200 73 \"-\" \"HTTPie\"","service":"acquisitions-api"}
{"level":"info","message":"::1 - - [20/Sep/2025:14:39:51 +0000] \"GET /health HTTP/1.1\" 200 73 \"-\" \"HTTPie\"","service":"acquisitions-api"}
{"level":"info","message":"::1 - - [20/Sep/2025:14:39:52 +0000] \"GET /health HTTP/1.1\" 200 73 \"-\" \"HTTPie\"","service":"acquisitions-api"}
{"level":"info","message":"::1 - - [20/Sep/2025:14:39:52 +0000] \"GET /health HTTP/1.1\" 200 73 \"-\" \"HTTPie\"","service":"acquisitions-api"}
{"level":"info","message":"::1 - - [20/Sep/2025:14:39:53 +0000] \"GET /health HTTP/1.1\" 200 73 \"-\" \"HTTPie\"","service":"acquisitions-api"}
{"ip":"::1","level":"warn","message":"Rate Limit exceeded","path":"/health","service":"acquisitions-api","userAgent":"HTTPie"}
{"level":"info","message":"::1 - - [20/Sep/2025:14:39:54 +0000] \"GET /health HTTP/1.1\" 403 52 \"-\" \"HTTPie\"","service":"acquisitions-api"}
{"level":"info","message":"::1 - - [20/Sep/2025:14:58:18 +0000] \"GET /health HTTP/1.1\" 200 75 \"-\" \"HTTPie\"","service":"acquisitions-api"}
{"level":"info","message":"::1 - - [20/Sep/2025:14:58:38 +0000] \"GET /api/auth/sign-up HTTP/1.1\" 404 155 \"-\" \"HTTPie\"","service":"acquisitions-api"}
{"level":"error","message":"Error creating user: ReferenceError: users is not defined","service":"acquisitions-api"}
{"level":"error","message":"Error in signup controller Error creating user","service":"acquisitions-api","stack":"Error: Error creating user\n    at createUser (file:///C:/Users/CyberLab/Downloads/acquisitions/src/services/auth.service.js:31:15)\n    at signup (file:///C:/Users/CyberLab/Downloads/acquisitions/src/controllers/auth.controller.js:20:28)\n    at Layer.handleRequest (C:\\Users\\CyberLab\\Downloads\\acquisitions\\node_modules\\router\\lib\\layer.js:152:17)\n    at next (C:\\Users\\CyberLab\\Downloads\\acquisitions\\node_modules\\router\\lib\\route.js:157:13)\n    at Route.dispatch (C:\\Users\\CyberLab\\Downloads\\acquisitions\\node_modules\\router\\lib\\route.js:117:3)\n    at handle (C:\\Users\\CyberLab\\Downloads\\acquisitions\\node_modules\\router\\index.js:435:11)\n    at Layer.handleRequest (C:\\Users\\CyberLab\\Downloads\\acquisitions\\node_modules\\router\\lib\\layer.js:152:17)\n    at C:\\Users\\CyberLab\\Downloads\\acquisitions\\node_modules\\router\\index.js:295:15\n    at processParams (C:\\Users\\CyberLab\\Downloads\\acquisitions\\node_modules\\router\\index.js:582:12)\n    at next (C:\\Users\\CyberLab\\Downloads\\acquisitions\\node_modules\\router\\index.js:291:5)"}
{"level":"info","message":"::1 - - [20/Sep/2025:14:59:20 +0000] \"POST /api/auth/sign-up HTTP/1.1\" 500 1279 \"-\" \"HTTPie\"","service":"acquisitions-api"}
{"level":"error","message":"Error creating user: ReferenceError: users is not defined","service":"acquisitions-api"}
{"level":"error","message":"Error in signup controller Error creating user","service":"acquisitions-api","stack":"Error: Error creating user\n    at createUser (file:///C:/Users/CyberLab/Downloads/acquisitions/src/services/auth.service.js:50:15)\n    at signup (file:///C:/Users/CyberLab/Downloads/acquisitions/src/controllers/auth.controller.js:20:28)\n    at Layer.handleRequest (C:\\Users\\CyberLab\\Downloads\\acquisitions\\node_modules\\router\\lib\\layer.js:152:17)\n    at next (C:\\Users\\CyberLab\\Downloads\\acquisitions\\node_modules\\router\\lib\\route.js:157:13)\n    at Route.dispatch (C:\\Users\\CyberLab\\Downloads\\acquisitions\\node_modules\\router\\lib\\route.js:117:3)\n    at handle (C:\\Users\\CyberLab\\Downloads\\acquisitions\\node_modules\\router\\index.js:435:11)\n    at Layer.handleRequest (C:\\Users\\CyberLab\\Downloads\\acquisitions\\node_modules\\router\\lib\\layer.js:152:17)\n    at C:\\Users\\CyberLab\\Downloads\\acquisitions\\node_modules\\router\\index.js:295:15\n    at processParams (C:\\Users\\CyberLab\\Downloads\\acquisitions\\node_modules\\router\\index.js:582:12)\n    at next (C:\\Users\\CyberLab\\Downloads\\acquisitions\\node_modules\\router\\index.js:291:5)"}
{"level":"info","message":"::1 - - [20/Sep/2025:15:00:53 +0000] \"POST /api/auth/sign-up HTTP/1.1\" 500 1279 \"-\" \"HTTPie\"","service":"acquisitions-api"}
{"level":"info","message":"User doe@example.com created successfully","service":"acquisitions-api"}
{"level":"info","message":"User registered successfully: doe@example.com","service":"acquisitions-api"}
{"level":"info","message":"::1 - - [20/Sep/2025:15:03:28 +0000] \"POST /api/auth/sign-up HTTP/1.1\" 201 112 \"-\" \"HTTPie\"","service":"acquisitions-api"}
{"level":"info","message":"User inaya@example.com created successfully","service":"acquisitions-api"}
{"level":"info","message":"User registered successfully: inaya@example.com","service":"acquisitions-api"}
{"level":"info","message":"::1 - - [20/Sep/2025:15:04:24 +0000] \"POST /api/auth/sign-up HTTP/1.1\" 201 115 \"-\" \"HTTPie\"","service":"acquisitions-api"}
{"level":"info","message":"User inaya@example.com authenticated successfully","service":"acquisitions-api"}
{"level":"info","message":"User signed in successfully: inaya@example.com","service":"acquisitions-api"}
{"level":"info","message":"::1 - - [20/Sep/2025:15:37:56 +0000] \"POST /api/auth/sign-in HTTP/1.1\" 200 114 \"-\" \"HTTPie\"","service":"acquisitions-api"}
{"level":"info","message":"User signed out successfully","service":"acquisitions-api"}
{"level":"info","message":"::1 - - [20/Sep/2025:15:38:13 +0000] \"POST /api/auth/sign-out HTTP/1.1\" 200 42 \"-\" \"HTTPie\"","service":"acquisitions-api"}
{"level":"error","message":"Error authenticating user: Error: Invalid email or password","service":"acquisitions-api"}
{"level":"error","message":"Error in signin controller Invalid email or password","service":"acquisitions-api","stack":"Error: Invalid email or password\n    at authenticateUser (file:///C:/Users/CyberLab/Downloads/acquisitions/src/services/auth.service.js:85:19)\n    at async signin (file:///C:/Users/CyberLab/Downloads/acquisitions/src/controllers/auth.controller.js:57:22)"}
{"level":"info","message":"::1 - - [20/Sep/2025:15:38:27 +0000] \"POST /api/auth/sign-in HTTP/1.1\" 401 37 \"-\" \"HTTPie\"","service":"acquisitions-api"}
